./1. 출력(Output)/10. 코드보기 - 모든걸 출력해 보자!.mp4
./1. 출력(Output)/11. 출력형식 지정(Output Formatting) 1.mp4
./1. 출력(Output)/12. 코드보기 - 조정자.mp4
./1. 출력(Output)/13. 출력형식 지정(Output Formatting) 2.mp4
./1. 출력(Output)/14. 정리.mp4
./1. 출력(Output)/7. Hello World 출력하기, 네임스페이스(namespace).mp4
./1. 출력(Output)/8. 코드보기 - using, namespace.mp4
./1. 출력(Output)/9. Insertion operator.mp4
./10. 템플릿(Template) 프로그래밍/136. 함수 템플릿.mp4
./10. 템플릿(Template) 프로그래밍/137. 클래스 템플릿.mp4
./10. 템플릿(Template) 프로그래밍/138. 코드보기 - 템플릿 배열.mp4
./10. 템플릿(Template) 프로그래밍/139. 클래스 템플릿 트릭.mp4
./10. 템플릿(Template) 프로그래밍/140. 코드보기 - FixedVector.mp4
./10. 템플릿(Template) 프로그래밍/141. 두 개의 템플릿 매개변수.mp4
./10. 템플릿(Template) 프로그래밍/142. 코드보기 - Math.mp4
./10. 템플릿(Template) 프로그래밍/143. 템플릿 특수화(Specialization).mp4
./10. 템플릿(Template) 프로그래밍/144. 장점과 단점, 베스트 프랙티스.mp4
./10. 템플릿(Template) 프로그래밍/145. 정리.mp4
./11. STL 알고리듬(Algorithm)/146. STL 알고리듬 1.mp4
./11. STL 알고리듬(Algorithm)/147. 코드보기 - find() 알고리듬.mp4
./11. STL 알고리듬(Algorithm)/148. STL 알고리듬 2.mp4
./11. STL 알고리듬(Algorithm)/149. 정리.mp4
./12. 새로운 키워드, 자료형 (C++11~)/150. 새로운 키워드 - auto 1.mp4
./12. 새로운 키워드, 자료형 (C++11~)/151. 새로운 키워드 - auto 2.mp4
./12. 새로운 키워드, 자료형 (C++11~)/152. 새로운 키워드 - auto 3.mp4
./12. 새로운 키워드, 자료형 (C++11~)/153. 코드보기 - auto 키워드.mp4
./12. 새로운 키워드, 자료형 (C++11~)/154. 새로운 키워드 - static_assert.mp4
./12. 새로운 키워드, 자료형 (C++11~)/155. 코드보기 - static_assert 키워드.mp4
./12. 새로운 키워드, 자료형 (C++11~)/156. 새로운 키워드- default,delete.mp4
./12. 새로운 키워드, 자료형 (C++11~)/157. 새로운 키워드 - final.mp4
./12. 새로운 키워드, 자료형 (C++11~)/158. 새로운 키워드 - override 1.mp4
./12. 새로운 키워드, 자료형 (C++11~)/159. 새로운 키워드 - override 2.mp4
./12. 새로운 키워드, 자료형 (C++11~)/160. 코드보기 - override 키워드.mp4
./12. 새로운 키워드, 자료형 (C++11~)/161. 보너스 - offsetof 매크로.mp4
./12. 새로운 키워드, 자료형 (C++11~)/162. 새로운 자료형 - nullptr.mp4
./12. 새로운 키워드, 자료형 (C++11~)/163. 새로운 자료형 - 고정 폭 정수형.mp4
./12. 새로운 키워드, 자료형 (C++11~)/164. 새로운 자료형 - Enum Class.mp4
./12. 새로운 키워드, 자료형 (C++11~)/165. 코드보기 - eColor로 색 설정하기.mp4
./12. 새로운 키워드, 자료형 (C++11~)/166. 보너스 - 헤더에서 초기화하기.mp4
./12. 새로운 키워드, 자료형 (C++11~)/167. 정리.mp4
./13. 새로 추가된 STL/168. 정렬안된 맵(unordered_map) 1.mp4
./13. 새로 추가된 STL/169. 정렬안된 맵(unordered_map) 2.mp4
./13. 새로 추가된 STL/170. 정렬안된 셋(unordered_set).mp4
./13. 새로 추가된 STL/171. 코드보기 - 정렬되는 셋 vs 되지 않는 셋.mp4
./13. 새로 추가된 STL/172. 어레이(array) 1.mp4
./13. 새로 추가된 STL/172. 어레이(array) 2.mp4
./13. 새로 추가된 STL/174. 범위 기반 for 반복문.mp4
./13. 새로 추가된 STL/175. 코드보기 - 범위 기반 for 반복문.mp4
./13. 새로 추가된 STL/176. 정리.mp4
./14. 스마트(Smart) 포인터/177. 기존 포인터의 문제점.mp4
./14. 스마트(Smart) 포인터/178. 유니크(Unique) 포인터 만들기 (C++11).mp4
./14. 스마트(Smart) 포인터/179. 유니크 포인터를 사용하기 적합한 경우.mp4
./14. 스마트(Smart) 포인터/180. 유니크 포인터 만들기 (C++14 이후).mp4
./14. 스마트(Smart) 포인터/181. 유니크 포인터 재설정, 원시 포인터 가져오기, 원시 포인터 소유권 박탈하기.mp4
./14. 스마트(Smart) 포인터/182. 유니크 포인터 - 소유권 이전하기.mp4
./14. 스마트(Smart) 포인터/183. 유니크 포인터 - 베스트 프랙티스.mp4
./14. 스마트(Smart) 포인터/184. 코드보기 - 유니크 포인터 사용하기.mp4
./14. 스마트(Smart) 포인터/185. 가비지 콜렉션 1.mp4
./14. 스마트(Smart) 포인터/186. 가비지 콜렉션 2.mp4
./14. 스마트(Smart) 포인터/187. 참조 카운팅 1.mp4
./14. 스마트(Smart) 포인터/188. 참조 카운팅 2.mp4
./14. 스마트(Smart) 포인터/189. 공유(Shared) 포인터.mp4
./14. 스마트(Smart) 포인터/190. 코드보기 - 공유 포인터와 단순 연결 리스트.mp4
./14. 스마트(Smart) 포인터/191. 약한(Weak) 포인터 만들기.mp4
./14. 스마트(Smart) 포인터/192. 약한 포인터로 공유 포인터 만들기.mp4
./14. 스마트(Smart) 포인터/193. 약한 포인터로 순환 참조를 해결해보자.mp4
./14. 스마트(Smart) 포인터/194. 코드보기 - 간단한 캐시(Cache).mp4
./14. 스마트(Smart) 포인터/195. 정리.mp4
./15. 이동 생성자 및 이동 대입 연산자/196. rvalue와 복사생성자.mp4
./15. 이동 생성자 및 이동 대입 연산자/197. rvalue 참조, move(), 이동 생성자.mp4
./15. 이동 생성자 및 이동 대입 연산자/198. 이동 대입 연산자.mp4
./15. 이동 생성자 및 이동 대입 연산자/199. 코드보기 - 이동 생성자와 이동 대입 연산자.mp4
./15. 이동 생성자 및 이동 대입 연산자/200. 정리.mp4
./16. constexpr, 람다 식(Lambda Expression), 가변 인자(Variadic) 템플릿/201. constexpr을 배우기에 앞서.mp4
./16. constexpr, 람다 식(Lambda Expression), 가변 인자(Variadic) 템플릿/202. 템플릿 메타프로그래밍.mp4
./16. constexpr, 람다 식(Lambda Expression), 가변 인자(Variadic) 템플릿/203. constexpr 함수, 변수.mp4
./16. constexpr, 람다 식(Lambda Expression), 가변 인자(Variadic) 템플릿/204. consexpr 활용.mp4
./16. constexpr, 람다 식(Lambda Expression), 가변 인자(Variadic) 템플릿/205. const vs constexpr.mp4
./16. constexpr, 람다 식(Lambda Expression), 가변 인자(Variadic) 템플릿/206. 코드보기 - 간단한 해쉬맵.mp4
./16. constexpr, 람다 식(Lambda Expression), 가변 인자(Variadic) 템플릿/207. 람다 식 기본 문법.mp4
./16. constexpr, 람다 식(Lambda Expression), 가변 인자(Variadic) 템플릿/208. 람다 식 - 캡쳐 블록.mp4
./16. constexpr, 람다 식(Lambda Expression), 가변 인자(Variadic) 템플릿/209. 람다 식 - 매개변수 목록.mp4
./16. constexpr, 람다 식(Lambda Expression), 가변 인자(Variadic) 템플릿/210. 람다 식 - 지정자, 반환 형.mp4
./16. constexpr, 람다 식(Lambda Expression), 가변 인자(Variadic) 템플릿/211. 람다 식 - 장점과 단점, 베스트 프랙티스.mp4
./16. constexpr, 람다 식(Lambda Expression), 가변 인자(Variadic) 템플릿/212. 코드보기 - 람다 식.mp4
./16. constexpr, 람다 식(Lambda Expression), 가변 인자(Variadic) 템플릿/213. 가변 인자(Variadic) 템플릿.mp4
./16. constexpr, 람다 식(Lambda Expression), 가변 인자(Variadic) 템플릿/214. 코드보기 - 가변 인자 템플릿 함수.mp4
./16. constexpr, 람다 식(Lambda Expression), 가변 인자(Variadic) 템플릿/215. 정리.mp4
./17. 파일시스템(Filesystem), 모듈(Module) 시스템/216. 파일시스템(Filesystem) 1.mp4
./17. 파일시스템(Filesystem), 모듈(Module) 시스템/217. 파일시스템(Filesystem) 2.mp4
./17. 파일시스템(Filesystem), 모듈(Module) 시스템/218. 코드보기 - 파일 시스템.mp4
./17. 파일시스템(Filesystem), 모듈(Module) 시스템/219. 모듈(Module) 시스템.mp4
./17. 파일시스템(Filesystem), 모듈(Module) 시스템/220. 정리.mp4
./18. 쓰레딩(Threading) 라이브러리/221. 쓰레드 개체 만들기.mp4
./18. 쓰레딩(Threading) 라이브러리/222. 쓰레드 기다리기.mp4
./18. 쓰레딩(Threading) 라이브러리/223. 쓰레드 ID 구하기.mp4
./18. 쓰레딩(Threading) 라이브러리/224. 쓰레드 떼어 내기.mp4
./18. 쓰레딩(Threading) 라이브러리/225. 람다와 쓰레딩.mp4
./18. 쓰레딩(Threading) 라이브러리/226. 도우미 함수들 (this_thread).mp4
./18. 쓰레딩(Threading) 라이브러리/227. 뮤텍스(Mutex) - 쓰레딩의 문제를 해결해보자.mp4
./18. 쓰레딩(Threading) 라이브러리/228. 뮤텍스 - 흔히 하는 실수와 해결법.mp4
./18. 쓰레딩(Threading) 라이브러리/229. 코드보기 - 멀티쓰레딩.mp4
./18. 쓰레딩(Threading) 라이브러리/230. 조건 변수(Conditional Variables).mp4
./18. 쓰레딩(Threading) 라이브러리/231. 조건 변수 - 흠...이렇게 쓰는거 아니에요.mp4
./18. 쓰레딩(Threading) 라이브러리/232. 조건 변수 - 올바른 wait() 사용법.mp4
./18. 쓰레딩(Threading) 라이브러리/233. 코드보기 - 자동 재설정 타이머.mp4
./18. 쓰레딩(Threading) 라이브러리/234. 정리.mp4
./19 C++ 강의를 마무리 지으며/235. 마무리.mp4
./2. 입력(Input)/15. 입력 스트림(Input Stream).mp4
./2. 입력(Input)/16. 스트림 상태(Stream States).mp4
./2. 입력(Input)/17. 입력 버리기(Discarding Input) - clear(), ignore().mp4
./2. 입력(Input)/18. 입력 버리기 - get(), getline().mp4
./2. 입력(Input)/19. 코드보기 - 정수의 합 구하기, getline().mp4
./2. 입력(Input)/20. 정리.mp4
./3. 일부 새로운 C++ 기능/21. Bool 데이터형.mp4
./3. 일부 새로운 C++ 기능/22. 참조(Reference) 1.mp4
./3. 일부 새로운 C++ 기능/23. 참조(Reference) 2.mp4
./3. 일부 새로운 C++ 기능/24. 컴퓨터는 참조가 뭔지 알까.mp4
./3. 일부 새로운 C++ 기능/25. 코드보기 - 참조.mp4
./3. 일부 새로운 C++ 기능/26. 코딩표준 쪼오금~.mp4
./3. 일부 새로운 C++ 기능/27. 정리.mp4
./4. 문자열(string)과 파일 입출력(IO)/28. string 클래스.mp4
./4. 문자열(string)과 파일 입출력(IO)/29. string이 좋은가요.mp4
./4. 문자열(string)과 파일 입출력(IO)/30. 코드보기 - 문자열 뒤집어 덧붙이기.mp4
./4. 문자열(string)과 파일 입출력(IO)/31. 파일 열기와 닫기.mp4
./4. 문자열(string)과 파일 입출력(IO)/32. 파일 읽기 - 한 문자, 한 줄, 한 단어.mp4
./4. 문자열(string)과 파일 입출력(IO)/33. 파일 읽기 - 잘못된 입력이 있는 경우.mp4
./4. 문자열(string)과 파일 입출력(IO)/34. 파일 읽기 - 잘못된 입력을 어떻게 처리하지.mp4
./4. 문자열(string)과 파일 입출력(IO)/35. 파일 읽기 - 또 다른 문제....mp4
./4. 문자열(string)과 파일 입출력(IO)/36. 파일 읽기 - 베스트 프랙티스(Best Practice).mp4
./4. 문자열(string)과 파일 입출력(IO)/37. 파일 쓰기, 바이너리 파일 읽기,쓰기 파일 안에서의 탐색(seek).mp4
./4. 문자열(string)과 파일 입출력(IO)/38. 코드보기 - 파일 입출력.mp4
./4. 문자열(string)과 파일 입출력(IO)/39. 정리.mp4
./5. 개체지향 프로그래밍 1/40. OOP란.mp4
./5. 개체지향 프로그래밍 1/41. OOP가 복잡해졌다!.mp4
./5. 개체지향 프로그래밍 1/42. 클래스(Class) - 접근 제어자(Access Modifier).mp4
./5. 개체지향 프로그래밍 1/43. 클래스 - 개체 생성, 스택,힙.mp4
./5. 개체지향 프로그래밍 1/44. 클래스 - 개체 배열 생성, 개체 소멸.mp4
./5. 개체지향 프로그래밍 1/45. 클래스 - 멤버 변수 초기화.mp4
./5. 개체지향 프로그래밍 1/46. 생각할 거리 - new delete와 malloc() free()의 차이.mp4
./5. 개체지향 프로그래밍 1/47. 클래스 - 생성자(Constructor), 초기화 리스트(Initializer List).mp4
./5. 개체지향 프로그래밍 1/48. 코드보기 - Vector 클래스의 헤더 및 cpp 파일.mp4
./5. 개체지향 프로그래밍 1/49. 클래스 - 기본 생성자, 컴파일러가 하는 일.mp4
./5. 개체지향 프로그래밍 1/50. 둘 중 컴파일 안 되는 코드는.mp4
./5. 개체지향 프로그래밍 1/51. 클래스 - 생성자 오버로딩(Overloading), 소멸자(Destructor).mp4
./5. 개체지향 프로그래밍 1/52. 클래스 - const 멤버 함수.mp4
./5. 개체지향 프로그래밍 1/53. 코드보기 - Vector 클래스.mp4
./5. 개체지향 프로그래밍 1/54. 구조체(Struct) vs 클래스(Class).mp4
./5. 개체지향 프로그래밍 2/55. 복사(Copy) 생성자.mp4
./5. 개체지향 프로그래밍 2/56. 코드보기 - char 배열과 복사 생성자.mp4
./5. 개체지향 프로그래밍 2/57. 함수 오버로딩(overloading).mp4
./5. 개체지향 프로그래밍 2/58. 함수 오버로딩 - 함수 오버로딩 매칭하기.mp4
./5. 개체지향 프로그래밍 2/59. 함수 오버로딩 - 함수 매칭 순서.mp4
./5. 개체지향 프로그래밍 2/60. 코드보기 - 함수 오버로딩과 Vector 클래스.mp4
./5. 개체지향 프로그래밍 2/61. 연산자(operator) 오버로딩.mp4
./5. 개체지향 프로그래밍 2/62. 연산자 오버로딩 - friend 키워드.mp4
./5. 개체지향 프로그래밍 2/63. 연산자 오버로딩 - 연산자 오버로딩과 const.mp4
./5. 개체지향 프로그래밍 2/64. 코드보기 - Vector 클래스에서 연산자 오버로딩하기.mp4
./5. 개체지향 프로그래밍 2/65. 연산자 오버로딩 - 연산자 오버로딩을 남용하지 말 것.mp4
./5. 개체지향 프로그래밍 2/66. 암시적 함수들을 제거하는 법.mp4
./5. 개체지향 프로그래밍 2/67. 정리.mp4
./5. 개체치향 프로그래밍 3/68. 상속.mp4
./5. 개체치향 프로그래밍 3/69. 상속 - 생성자 호출 순서, 소멸자 호출 순서.mp4
./5. 개체치향 프로그래밍 3/70. 코드보기 - Animal, Cat, Dog 클래스.mp4
./5. 개체치향 프로그래밍 3/71. 정리.mp4
./5. 개체치향 프로그래밍 3/72. 다형성(Polymorphism) - 다형성을 배우기전에....mp4
./5. 개체치향 프로그래밍 3/73. 다형성 - 정적 바인딩.mp4
./5. 개체치향 프로그래밍 3/74. 다형성 - 동적 바인딩.mp4
./5. 개체치향 프로그래밍 3/75. 다형성 - 가상 소멸자.mp4
./5. 개체치향 프로그래밍 3/76. 코드보기 - Animal, Cat, Dog의 가상함수.mp4
./5. 개체치향 프로그래밍 3/77. 정리.mp4
./5. 개체치향 프로그래밍 3/78. 다중(multiple) 상속.mp4
./5. 개체치향 프로그래밍 3/79. 추상(abstract) 클래스.mp4
./5. 개체치향 프로그래밍 3/80. 인터페이스.mp4
./5. 개체치향 프로그래밍 3/81. 코드보기 - IFlyable, IWalkable, Bat, Cat 클래스.mp4
./5. 개체치향 프로그래밍 3/82. 정리.mp4
./6. 캐스팅(형변환, Casting)/83. C 스타일 캐스팅.mp4
./6. 캐스팅(형변환, Casting)/84. static_cast.mp4
./6. 캐스팅(형변환, Casting)/85. 코드보기 - static_cast으로 값 변환하기.mp4
./6. 캐스팅(형변환, Casting)/86. 코드보기 - static_cast으로 개체 포인터 변환하기.mp4
./6. 캐스팅(형변환, Casting)/87. reinterpret_cast.mp4
./6. 캐스팅(형변환, Casting)/88. 코드보기 - Tiger 개체의 주소 저장하기.mp4
./6. 캐스팅(형변환, Casting)/89. const_cast.mp4
./6. 캐스팅(형변환, Casting)/90. dynamic_cast.mp4
./6. 캐스팅(형변환, Casting)/91. 정리.mp4
./7. 인라인 함수(Inline Functions), static 키워드, 예외(Exception)/100. 예외(Exception).mp4
./7. 인라인 함수(Inline Functions), static 키워드, 예외(Exception)/101. 예외 - 범위 이탈, 0으로 나누기, NULL 개체.mp4
./7. 인라인 함수(Inline Functions), static 키워드, 예외(Exception)/102. 예외 - 생성자.mp4
./7. 인라인 함수(Inline Functions), static 키워드, 예외(Exception)/103. 예외 - C의 에러 코드.mp4
./7. 인라인 함수(Inline Functions), static 키워드, 예외(Exception)/104. 예외 - 에러 코드보다 예외가 더 낫다 1.mp4
./7. 인라인 함수(Inline Functions), static 키워드, 예외(Exception)/105. 예외 - 에러 코드보다 예외가 더 낫다 2.mp4
./7. 인라인 함수(Inline Functions), static 키워드, 예외(Exception)/106. 예외 - 에러 코드보다 예외가 더 낫다 3.mp4
./7. 인라인 함수(Inline Functions), static 키워드, 예외(Exception)/107. 예외 - 웹은 에러 코드로 돌고있다.mp4
./7. 인라인 함수(Inline Functions), static 키워드, 예외(Exception)/108. 예외 - 적절한 예외 처리.mp4
./7. 인라인 함수(Inline Functions), static 키워드, 예외(Exception)/92. 인라인 함수(Inline Functions).mp4
./7. 인라인 함수(Inline Functions), static 키워드, 예외(Exception)/93. 코드보기 - Vector 클래스에 인라인 함수 사용하기.mp4
./7. 인라인 함수(Inline Functions), static 키워드, 예외(Exception)/94. static 키워드 - 정적 멤버 변수 1.mp4
./7. 인라인 함수(Inline Functions), static 키워드, 예외(Exception)/95. static 키워드 - 정적 멤버 변수 2.mp4
./7. 인라인 함수(Inline Functions), static 키워드, 예외(Exception)/96. 코드보기 - Cat 클래스에서 정적 멤버 변수 사용하기.mp4
./7. 인라인 함수(Inline Functions), static 키워드, 예외(Exception)/97. static 키워드 - 정적 멤버 함수.mp4
./7. 인라인 함수(Inline Functions), static 키워드, 예외(Exception)/98. 코드보기 - Math 클래스에서 정적 멤버 함수 쓰기.mp4
./7. 인라인 함수(Inline Functions), static 키워드, 예외(Exception)/99. 정리.mp4
./8. STL 컨테이너 1/109. 벡터(Vector)  - 벡터 만들기.mp4
./8. STL 컨테이너 1/110. 벡터 - 요소 삽입, 삭제, 용량, 크기, 요소 접근, 반복자.mp4
./8. STL 컨테이너 1/111. 코드보기 - 내 점수들을 추가하고 출력하기.mp4
./8. STL 컨테이너 1/112. 벡터 - 역방향 반복자, 특정 위치에 요소 삽입, 삭제.mp4
./8. STL 컨테이너 1/113. 벡터 - 벡터 교환하기.mp4
./8. STL 컨테이너 1/114. 벡터 - 크기 변경, 모든 요소 제거하기.mp4
./8. STL 컨테이너 1/115. 코드보기 - 점수 더하기.mp4
./8. STL 컨테이너 1/116. 벡터 - 개체(Object) 벡터.mp4
./8. STL 컨테이너 1/117. 코드보기 - 개체 벡터.mp4
./8. STL 컨테이너 1/118. 벡터 - 포인터 벡터.mp4
./8. STL 컨테이너 1/119. 코드보기 - 포인터 벡터.mp4
./8. STL 컨테이너 1/120. 벡터 - 장점과 단점.mp4
./9. STL 컨테이너 2/121. 맵(Map) - 맵 만들기.mp4
./9. STL 컨테이너 2/122. 맵 - pair, 요소 삽입.mp4
./9. STL 컨테이너 2/123. 코드보기 - insert()를 사용해 점수 넣기.mp4
./9. STL 컨테이너 2/124. 코드보기 - operator[]를 사용해 점수 넣기.mp4
./9. STL 컨테이너 2/125. 맵 - 요소 찾기, 두 맵 교환, 맵 비우기, 요소 제거, 두 키를 비교하는 함수.mp4
./9. STL 컨테이너 2/126. 코드보기 - 사용자 정의 자료형을 키로 사용하기 1.mp4
./9. STL 컨테이너 2/127. 코드보기 - 사용자 정의 자료형을 키로 사용하기 2.mp4
./9. STL 컨테이너 2/128. 맵 - 장점과 단점.mp4
./9. STL 컨테이너 2/129. 셋(Set).mp4
./9. STL 컨테이너 2/130. 큐(Queue).mp4
./9. STL 컨테이너 2/131. 스택(Stack).mp4
./9. STL 컨테이너 2/132. 리스트(List).mp4
./9. STL 컨테이너 2/133. 기타 컨테이너들.mp4
./9. STL 컨테이너 2/134. 정리.mp4
./9. STL 컨테이너 2/135. STL 컨테이너의 목적.mp4
